<?xml version="1.0" encoding="UTF-8"?>
<testsuite name="TicTacToeTest" tests="1" skipped="0" failures="0" errors="0" timestamp="2025-03-13T10:57:36" hostname="TRAYANA" time="0.102">
  <properties/>
  <testcase name="start" classname="TicTacToeTest" time="0.102"/>
  <system-out><![CDATA[?[1;31m
Start test 1?[0m
---------
|       |
|       |
|       |
---------
Enter your move (row and column): > 4 1
Coordinates should be from 1 to 3!
Enter your move (row and column): > 2 3
---------
|       |
|     X |
|       |
---------
Enter your move (row and column): > 1 2
---------
|   O   |
|     X |
|       |
---------
Enter your move (row and column): > 2 2
---------
|   O   |
|   X X |
|       |
---------
Enter your move (row and column): > 2 4
Coordinates should be from 1 to 3!
Enter your move (row and column): > 2 4
Coordinates should be from 1 to 3!
Enter your move (row and column): > 4 3
Coordinates should be from 1 to 3!
Enter your move (row and column): > 4 4
Coordinates should be from 1 to 3!
Enter your move (row and column): > 4 4
Coordinates should be from 1 to 3!
Enter your move (row and column): > 2 1
---------
|   O   |
| O X X |
|       |
---------
Enter your move (row and column): > 1 1
---------
| X O   |
| O X X |
|       |
---------
Enter your move (row and column): > 1 2
This cell is occupied! Choose another one!
Enter your move (row and column): > 1 3
---------
| X O O |
| O X X |
|       |
---------
Enter your move (row and column): > 2 1
This cell is occupied! Choose another one!
Enter your move (row and column): > 2 2
This cell is occupied! Choose another one!
Enter your move (row and column): > 2 3
This cell is occupied! Choose another one!
Enter your move (row and column): > 3 1
---------
| X O O |
| O X X |
| X     |
---------
Enter your move (row and column): > 3 2
---------
| X O O |
| O X X |
| X O   |
---------
Enter your move (row and column): > 3 3
---------
| X O O |
| O X X |
| X O X |
---------
X wins
?[1;31m
Start test 2?[0m
---------
|       |
|       |
|       |
---------
Enter your move (row and column): > 4 1
Coordinates should be from 1 to 3!
Enter your move (row and column): > 4 1
Coordinates should be from 1 to 3!
Enter your move (row and column): > 2 2
---------
|       |
|   X   |
|       |
---------
Enter your move (row and column): > 2 2
This cell is occupied! Choose another one!
Enter your move (row and column): > 4 1
Coordinates should be from 1 to 3!
Enter your move (row and column): > 4 4
Coordinates should be from 1 to 3!
Enter your move (row and column): > 4 3
Coordinates should be from 1 to 3!
Enter your move (row and column): > 2 2
This cell is occupied! Choose another one!
Enter your move (row and column): > 1 2
---------
|   O   |
|   X   |
|       |
---------
Enter your move (row and column): > 1 2
This cell is occupied! Choose another one!
Enter your move (row and column): > 2 3
---------
|   O   |
|   X X |
|       |
---------
Enter your move (row and column): > 1 2
This cell is occupied! Choose another one!
Enter your move (row and column): > 1 3
---------
|   O O |
|   X X |
|       |
---------
Enter your move (row and column): > 2 1
---------
|   O O |
| X X X |
|       |
---------
X wins
?[1;31m
Start test 3?[0m
---------
|       |
|       |
|       |
---------
Enter your move (row and column): > 1 1
---------
| X     |
|       |
|       |
---------
Enter your move (row and column): > 4 4
Coordinates should be from 1 to 3!
Enter your move (row and column): > 3 3
---------
| X     |
|       |
|     O |
---------
Enter your move (row and column): > 4 3
Coordinates should be from 1 to 3!
Enter your move (row and column): > 4 3
Coordinates should be from 1 to 3!
Enter your move (row and column): > 3 3
This cell is occupied! Choose another one!
Enter your move (row and column): > 4 2
Coordinates should be from 1 to 3!
Enter your move (row and column): > 2 3
---------
| X     |
|     X |
|     O |
---------
Enter your move (row and column): > 4 3
Coordinates should be from 1 to 3!
Enter your move (row and column): > 2 3
This cell is occupied! Choose another one!
Enter your move (row and column): > 1 3
---------
| X   O |
|     X |
|     O |
---------
Enter your move (row and column): > 2 1
---------
| X   O |
| X   X |
|     O |
---------
Enter your move (row and column): > 2 2
---------
| X   O |
| X O X |
|     O |
---------
Enter your move (row and column): > 2 3
This cell is occupied! Choose another one!
Enter your move (row and column): > 3 1
---------
| X   O |
| X O X |
| X   O |
---------
X wins
?[1;31m
Start test 4?[0m
---------
|       |
|       |
|       |
---------
Enter your move (row and column): > 4 3
Coordinates should be from 1 to 3!
Enter your move (row and column): > 4 2
Coordinates should be from 1 to 3!
Enter your move (row and column): > 1 3
---------
|     X |
|       |
|       |
---------
Enter your move (row and column): > 1 2
---------
|   O X |
|       |
|       |
---------
Enter your move (row and column): > 4 2
Coordinates should be from 1 to 3!
Enter your move (row and column): > 4 1
Coordinates should be from 1 to 3!
Enter your move (row and column): > 4 4
Coordinates should be from 1 to 3!
Enter your move (row and column): > 2 2
---------
|   O X |
|   X   |
|       |
---------
Enter your move (row and column): > 4 4
Coordinates should be from 1 to 3!
Enter your move (row and column): > 2 4
Coordinates should be from 1 to 3!
Enter your move (row and column): > 1 4
Coordinates should be from 1 to 3!
Enter your move (row and column): > 2 1
---------
|   O X |
| O X   |
|       |
---------
Enter your move (row and column): > 2 2
This cell is occupied! Choose another one!
Enter your move (row and column): > 2 3
---------
|   O X |
| O X X |
|       |
---------
Enter your move (row and column): > 3 1
---------
|   O X |
| O X X |
| O     |
---------
Enter your move (row and column): > 3 2
---------
|   O X |
| O X X |
| O X   |
---------
Enter your move (row and column): > 3 3
---------
|   O X |
| O X X |
| O X O |
---------
Enter your move (row and column): > 1 1
---------
| X O X |
| O X X |
| O X O |
---------
Draw
?[1;31m
Start test 5?[0m
---------
|       |
|       |
|       |
---------
Enter your move (row and column): > 1 4
Coordinates should be from 1 to 3!
Enter your move (row and column): > 3 4
Coordinates should be from 1 to 3!
Enter your move (row and column): > 1 2
---------
|   X   |
|       |
|       |
---------
Enter your move (row and column): > 4 4
Coordinates should be from 1 to 3!
Enter your move (row and column): > 3 4
Coordinates should be from 1 to 3!
Enter your move (row and column): > 1 4
Coordinates should be from 1 to 3!
Enter your move (row and column): > 3 3
---------
|   X   |
|       |
|     O |
---------
Enter your move (row and column): > 4 3
Coordinates should be from 1 to 3!
Enter your move (row and column): > 3 3
This cell is occupied! Choose another one!
Enter your move (row and column): > 2 3
---------
|   X   |
|     X |
|     O |
---------
Enter your move (row and column): > 2 2
---------
|   X   |
|   O X |
|     O |
---------
Enter your move (row and column): > 2 3
This cell is occupied! Choose another one!
Enter your move (row and column): > 3 1
---------
|   X   |
|   O X |
| X   O |
---------
Enter your move (row and column): > 3 2
---------
|   X   |
|   O X |
| X O O |
---------
Enter your move (row and column): > 3 3
This cell is occupied! Choose another one!
Enter your move (row and column): > 1 1
---------
| X X   |
|   O X |
| X O O |
---------
Enter your move (row and column): > 1 2
This cell is occupied! Choose another one!
Enter your move (row and column): > 1 3
---------
| X X O |
|   O X |
| X O O |
---------
Enter your move (row and column): > 2 1
---------
| X X O |
| X O X |
| X O O |
---------
X wins
?[1;31m
Start test 6?[0m
---------
|       |
|       |
|       |
---------
Enter your move (row and column): > 4 5
Coordinates should be from 1 to 3!
Enter your move (row and column): > 4 4
Coordinates should be from 1 to 3!
Enter your move (row and column): > 4 4
Coordinates should be from 1 to 3!
Enter your move (row and column): > 3 4
Coordinates should be from 1 to 3!
Enter your move (row and column): > 2 3
---------
|       |
|     X |
|       |
---------
Enter your move (row and column): > 4 2
Coordinates should be from 1 to 3!
Enter your move (row and column): > 2 3
This cell is occupied! Choose another one!
Enter your move (row and column): > 1 2
---------
|   O   |
|     X |
|       |
---------
Enter your move (row and column): > 1 3
---------
|   O X |
|     X |
|       |
---------
Enter your move (row and column): > 3 2
---------
|   O X |
|     X |
|   O   |
---------
Enter your move (row and column): > 2 2
---------
|   O X |
|   X X |
|   O   |
---------
Enter your move (row and column): > 2 3
This cell is occupied! Choose another one!
Enter your move (row and column): > 3 1
---------
|   O X |
|   X X |
| O O   |
---------
Enter your move (row and column): > 3 2
This cell is occupied! Choose another one!
Enter your move (row and column): > 3 3
---------
|   O X |
|   X X |
| O O X |
---------
X wins
?[1;31m
Start test 7?[0m
---------
|       |
|       |
|       |
---------
Enter your move (row and column): > 3 1
---------
|       |
|       |
| X     |
---------
Enter your move (row and column): > 3 3
---------
|       |
|       |
| X   O |
---------
Enter your move (row and column): > 2 2
---------
|       |
|   X   |
| X   O |
---------
Enter your move (row and column): > 3 3
This cell is occupied! Choose another one!
Enter your move (row and column): > 4 1
Coordinates should be from 1 to 3!
Enter your move (row and column): > 4 2
Coordinates should be from 1 to 3!
Enter your move (row and column): > 1 1
---------
| O     |
|   X   |
| X   O |
---------
Enter your move (row and column): > 1 2
---------
| O X   |
|   X   |
| X   O |
---------
Enter your move (row and column): > 1 2
This cell is occupied! Choose another one!
Enter your move (row and column): > 4 4
Coordinates should be from 1 to 3!
Enter your move (row and column): > 3 1
This cell is occupied! Choose another one!
Enter your move (row and column): > 3 2
---------
| O X   |
|   X   |
| X O O |
---------
Enter your move (row and column): > 3 3
This cell is occupied! Choose another one!
Enter your move (row and column): > 1 1
This cell is occupied! Choose another one!
Enter your move (row and column): > 1 2
This cell is occupied! Choose another one!
Enter your move (row and column): > 1 3
---------
| O X X |
|   X   |
| X O O |
---------
X wins
?[1;31m
Start test 8?[0m
---------
|       |
|       |
|       |
---------
Enter your move (row and column): > 4 7
Coordinates should be from 1 to 3!
Enter your move (row and column): > 2 2
---------
|       |
|   X   |
|       |
---------
Enter your move (row and column): > 2 3
---------
|       |
|   X O |
|       |
---------
Enter your move (row and column): > 4 3
Coordinates should be from 1 to 3!
Enter your move (row and column): > 1 4
Coordinates should be from 1 to 3!
Enter your move (row and column): > 4 3
Coordinates should be from 1 to 3!
Enter your move (row and column): > 4 2
Coordinates should be from 1 to 3!
Enter your move (row and column): > 1 2
---------
|   X   |
|   X O |
|       |
---------
Enter your move (row and column): > 1 4
Coordinates should be from 1 to 3!
Enter your move (row and column): > 2 1
---------
|   X   |
| O X O |
|       |
---------
Enter your move (row and column): > 4 2
Coordinates should be from 1 to 3!
Enter your move (row and column): > 3 2
---------
|   X   |
| O X O |
|   X   |
---------
X wins
?[1;31m
Start test 9?[0m
---------
|       |
|       |
|       |
---------
Enter your move (row and column): > 1 3
---------
|     X |
|       |
|       |
---------
Enter your move (row and column): > 1 2
---------
|   O X |
|       |
|       |
---------
Enter your move (row and column): > 2 1
---------
|   O X |
| X     |
|       |
---------
Enter your move (row and column): > 1 2
This cell is occupied! Choose another one!
Enter your move (row and column): > 2 4
Coordinates should be from 1 to 3!
Enter your move (row and column): > 2 2
---------
|   O X |
| X O   |
|       |
---------
Enter your move (row and column): > 2 2
This cell is occupied! Choose another one!
Enter your move (row and column): > 3 4
Coordinates should be from 1 to 3!
Enter your move (row and column): > 4 4
Coordinates should be from 1 to 3!
Enter your move (row and column): > 2 4
Coordinates should be from 1 to 3!
Enter your move (row and column): > 3 3
---------
|   O X |
| X O   |
|     X |
---------
Enter your move (row and column): > 1 1
---------
| O O X |
| X O   |
|     X |
---------
Enter your move (row and column): > 1 2
This cell is occupied! Choose another one!
Enter your move (row and column): > 1 3
This cell is occupied! Choose another one!
Enter your move (row and column): > 2 1
This cell is occupied! Choose another one!
Enter your move (row and column): > 2 2
This cell is occupied! Choose another one!
Enter your move (row and column): > 2 3
---------
| O O X |
| X O X |
|     X |
---------
X wins
]]></system-out>
  <system-err><![CDATA[]]></system-err>
</testsuite>
